TN:
SF:src/api/github.ts
FN:31,(anonymous_0)
FN:37,fetchIssues
FN:60,(anonymous_2)
FN:63,updateIssueState
FN:88,extractRepoPath
FN:95,safeMessage
FNF:6
FNH:5
FNDA:4,(anonymous_0)
FNDA:3,fetchIssues
FNDA:2,(anonymous_2)
FNDA:1,updateIssueState
FNDA:2,extractRepoPath
FNDA:0,safeMessage
DA:1,1
DA:31,4
DA:37,1
DA:38,3
DA:42,3
DA:46,3
DA:47,1
DA:50,2
DA:51,1
DA:54,1
DA:55,0
DA:56,0
DA:59,1
DA:60,2
DA:63,1
DA:68,1
DA:69,1
DA:71,1
DA:80,1
DA:81,0
DA:82,0
DA:85,1
DA:88,1
DA:89,2
DA:90,2
DA:91,2
DA:92,2
DA:96,0
DA:97,0
DA:98,0
DA:100,0
LF:31
LH:23
BRDA:38,0,0,1
BRDA:38,0,1,2
BRDA:46,1,0,1
BRDA:50,2,0,1
BRDA:54,3,0,0
BRDA:56,4,0,0
BRDA:56,4,1,0
BRDA:80,5,0,0
BRDA:82,6,0,0
BRDA:82,6,1,0
BRDA:91,7,0,0
BRF:11
BRH:4
end_of_record
TN:
SF:src/lib/copilotService.ts
FN:6,(anonymous_0)
FN:22,(anonymous_1)
FN:45,(anonymous_2)
FN:53,(anonymous_3)
FNF:4
FNH:2
FNDA:1,(anonymous_0)
FNDA:2,(anonymous_1)
FNDA:0,(anonymous_2)
FNDA:0,(anonymous_3)
DA:3,1
DA:4,4
DA:7,1
DA:8,1
DA:9,1
DA:11,1
DA:12,0
DA:15,1
DA:17,0
DA:18,0
DA:23,2
DA:24,2
DA:32,2
DA:33,1
DA:34,1
DA:37,1
DA:38,1
DA:40,1
DA:41,1
DA:50,0
DA:57,1
LF:21
LH:17
BRDA:11,0,0,0
BRDA:32,1,0,1
BRDA:34,2,0,1
BRDA:34,2,1,0
BRDA:38,3,0,1
BRDA:38,3,1,0
BRF:6
BRH:3
end_of_record
TN:
SF:src/lib/tokenStorage.ts
FN:7,saveToken
FN:15,getToken
FN:22,deleteToken
FNF:3
FNH:3
FNDA:2,saveToken
FNDA:2,getToken
FNDA:2,deleteToken
DA:1,2
DA:2,2
DA:3,2
DA:5,2
DA:7,2
DA:8,2
DA:9,1
DA:11,1
DA:15,2
DA:16,2
DA:17,1
DA:19,1
DA:22,2
DA:23,2
DA:24,1
DA:26,1
LF:16
LH:16
BRDA:8,0,0,1
BRDA:8,0,1,1
BRDA:16,1,0,1
BRDA:23,2,0,1
BRDA:23,2,1,1
BRF:5
BRH:5
end_of_record
